# JRE version: OpenJDK Runtime Environment (11.0.11+9) (build 11.0.11+9-b60-7590822)
# Java VM: OpenJDK 64-Bit Server VM (11.0.11+9-b60-7590822, mixed mode, tiered, compressed oops, g1 gc, windows-amd64)
Heap:
 garbage-first heap   total 236544K, used 99608K [0x0000000080000000, 0x0000000100000000)
  region size 1024K, 15 young (15360K), 7 survivors (7168K)
 Metaspace       used 97446K, capacity 99768K, committed 99872K, reserved 1136640K
  class space    used 12511K, capacity 13407K, committed 13440K, reserved 1048576K
GC Heap History (20 events):
Event: 5.494 GC heap before
{Heap before GC invocations=9 (full 0):
 garbage-first heap   total 196608K, used 108048K [0x0000000080000000, 0x0000000100000000)
  region size 1024K, 91 young (93184K), 10 survivors (10240K)
 Metaspace       used 41609K, capacity 42543K, committed 42832K, reserved 1087488K
  class space    used 5362K, capacity 5714K, committed 5760K, reserved 1048576K
}
Event: 5.510 GC heap after
{Heap after GC invocations=10 (full 0):
 garbage-first heap   total 196608K, used 28592K [0x0000000080000000, 0x0000000100000000)
  region size 1024K, 12 young (12288K), 12 survivors (12288K)
 Metaspace       used 41609K, capacity 42543K, committed 42832K, reserved 1087488K
  class space    used 5362K, capacity 5714K, committed 5760K, reserved 1048576K
}
Event: 7.114 GC heap before
{Heap before GC invocations=10 (full 0):
 garbage-first heap   total 196608K, used 141232K [0x0000000080000000, 0x0000000100000000)
  region size 1024K, 115 young (117760K), 12 survivors (12288K)
 Metaspace       used 48020K, capacity 49186K, committed 49360K, reserved 1091584K
  class space    used 6110K, capacity 6575K, committed 6656K, reserved 1048576K
}
Event: 7.129 GC heap after
{Heap after GC invocations=11 (full 0):
 garbage-first heap   total 196608K, used 45146K [0x0000000080000000, 0x0000000100000000)
  region size 1024K, 15 young (15360K), 15 survivors (15360K)
 Metaspace       used 48020K, capacity 49186K, committed 49360K, reserved 1091584K
  class space    used 6110K, capacity 6575K, committed 6656K, reserved 1048576K
}
Event: 8.377 GC heap before
{Heap before GC invocations=11 (full 0):
 garbage-first heap   total 196608K, used 133210K [0x0000000080000000, 0x0000000100000000)
  region size 1024K, 100 young (102400K), 15 survivors (15360K)
 Metaspace       used 58806K, capacity 60118K, committed 60296K, reserved 1101824K
  class space    used 7412K, capacity 7940K, committed 8064K, reserved 1048576K
}
Event: 8.395 GC heap after
{Heap after GC invocations=12 (full 0):
 garbage-first heap   total 196608K, used 53472K [0x0000000080000000, 0x0000000100000000)
  region size 1024K, 7 young (7168K), 7 survivors (7168K)
 Metaspace       used 58806K, capacity 60118K, committed 60296K, reserved 1101824K
  class space    used 7412K, capacity 7940K, committed 8064K, reserved 1048576K
}
Event: 9.568 GC heap before
{Heap before GC invocations=13 (full 0):
 garbage-first heap   total 196608K, used 143584K [0x0000000080000000, 0x0000000100000000)
  region size 1024K, 95 young (97280K), 7 survivors (7168K)
 Metaspace       used 67688K, capacity 69100K, committed 69152K, reserved 1110016K
  class space    used 8518K, capacity 9063K, committed 9088K, reserved 1048576K
}
Event: 9.581 GC heap after
{Heap after GC invocations=14 (full 0):
 garbage-first heap   total 236544K, used 58786K [0x0000000080000000, 0x0000000100000000)
  region size 1024K, 12 young (12288K), 12 survivors (12288K)
 Metaspace       used 67688K, capacity 69100K, committed 69152K, reserved 1110016K
  class space    used 8518K, capacity 9063K, committed 9088K, reserved 1048576K
}
Event: 11.125 GC heap before
{Heap before GC invocations=15 (full 0):
 garbage-first heap   total 236544K, used 167330K [0x0000000080000000, 0x0000000100000000)
  region size 1024K, 118 young (120832K), 12 survivors (12288K)
 Metaspace       used 76715K, capacity 78287K, committed 78496K, reserved 1118208K
  class space    used 9817K, capacity 10454K, committed 10496K, reserved 1048576K
}
Event: 11.141 GC heap after
{Heap after GC invocations=16 (full 0):
 garbage-first heap   total 236544K, used 66965K [0x0000000080000000, 0x0000000100000000)
  region size 1024K, 15 young (15360K), 15 survivors (15360K)
 Metaspace       used 76715K, capacity 78287K, committed 78496K, reserved 1118208K
  class space    used 9817K, capacity 10454K, committed 10496K, reserved 1048576K
}
Event: 12.710 GC heap before
{Heap before GC invocations=16 (full 0):
 garbage-first heap   total 236544K, used 174485K [0x0000000080000000, 0x0000000100000000)
  region size 1024K, 121 young (123904K), 15 survivors (15360K)
 Metaspace       used 86761K, capacity 88757K, committed 88992K, reserved 1126400K
  class space    used 11161K, capacity 11905K, committed 12032K, reserved 1048576K
}
Event: 12.727 GC heap after
{Heap after GC invocations=17 (full 0):
 garbage-first heap   total 236544K, used 74752K [0x0000000080000000, 0x0000000100000000)
  region size 1024K, 16 young (16384K), 16 survivors (16384K)
 Metaspace       used 86761K, capacity 88757K, committed 88992K, reserved 1126400K
  class space    used 11161K, capacity 11905K, committed 12032K, reserved 1048576K
}
Event: 14.135 GC heap before
{Heap before GC invocations=17 (full 0):
 garbage-first heap   total 236544K, used 178176K [0x0000000080000000, 0x0000000100000000)
  region size 1024K, 118 young (120832K), 16 survivors (16384K)
 Metaspace       used 88714K, capacity 90758K, committed 90912K, reserved 1128448K
  class space    used 11353K, capacity 12130K, committed 12160K, reserved 1048576K
}
Event: 14.156 GC heap after
{Heap after GC invocations=18 (full 0):
 garbage-first heap   total 236544K, used 83763K [0x0000000080000000, 0x0000000100000000)
  region size 1024K, 9 young (9216K), 9 survivors (9216K)
 Metaspace       used 88714K, capacity 90758K, committed 90912K, reserved 1128448K
  class space    used 11353K, capacity 12130K, committed 12160K, reserved 1048576K
}
Event: 15.131 GC heap before
{Heap before GC invocations=18 (full 0):
 garbage-first heap   total 236544K, used 184115K [0x0000000080000000, 0x0000000100000000)
  region size 1024K, 107 young (109568K), 9 survivors (9216K)
 Metaspace       used 95153K, capacity 97254K, committed 97440K, reserved 1134592K
  class space    used 12161K, capacity 12940K, committed 13056K, reserved 1048576K
}
Event: 15.143 GC heap after
{Heap after GC invocations=19 (full 0):
 garbage-first heap   total 236544K, used 89088K [0x0000000080000000, 0x0000000100000000)
  region size 1024K, 5 young (5120K), 5 survivors (5120K)
 Metaspace       used 95153K, capacity 97254K, committed 97440K, reserved 1134592K
  class space    used 12161K, capacity 12940K, committed 13056K, reserved 1048576K
}
Event: 40.653 GC heap before
{Heap before GC invocations=19 (full 0):
 garbage-first heap   total 236544K, used 189440K [0x0000000080000000, 0x0000000100000000)
  region size 1024K, 101 young (103424K), 5 survivors (5120K)
 Metaspace       used 97424K, capacity 99766K, committed 99872K, reserved 1136640K
  class space    used 12509K, capacity 13406K, committed 13440K, reserved 1048576K
}
Event: 40.659 GC heap after
{Heap after GC invocations=20 (full 0):
 garbage-first heap   total 236544K, used 92160K [0x0000000080000000, 0x0000000100000000)
  region size 1024K, 6 young (6144K), 6 survivors (6144K)
 Metaspace       used 97424K, capacity 99766K, committed 99872K, reserved 1136640K
  class space    used 12509K, capacity 13406K, committed 13440K, reserved 1048576K
}
Event: 41.001 GC heap before
{Heap before GC invocations=20 (full 0):
 garbage-first heap   total 236544K, used 191488K [0x0000000080000000, 0x0000000100000000)
  region size 1024K, 103 young (105472K), 6 survivors (6144K)
 Metaspace       used 97431K, capacity 99768K, committed 99872K, reserved 1136640K
  class space    used 12511K, capacity 13407K, committed 13440K, reserved 1048576K
}
Event: 41.007 GC heap after
{Heap after GC invocations=21 (full 0):
 garbage-first heap   total 236544K, used 92440K [0x0000000080000000, 0x0000000100000000)
  region size 1024K, 7 young (7168K), 7 survivors (7168K)
 Metaspace       used 97431K, capacity 99768K, committed 99872K, reserved 1136640K
  class space    used 12511K, capacity 13407K, committed 13440K, reserved 1048576K
}

